<?xml version="1.0" encoding="UTF-8"?>
<!-- Generated by org.testng.reporters.JUnitXMLReporter -->
<testsuite hostname="DESKTOP-9QSD73T" ignored="0" name="Test" tests="1" failures="1" timestamp="02 May 2019 02:52:14 GMT" time="0.163" errors="0">
  <testcase name="mainexecution" time="0.1" classname="com.testexecution.Runcls">
    <failure type="java.lang.IllegalStateException" message="The driver executable does not exist: E:\MBS_PROJECT\Browserdrivers\chromedriver.exe">
      <![CDATA[java.lang.IllegalStateException: The driver executable does not exist: E:\MBS_PROJECT\Browserdrivers\chromedriver.exe
at com.google.common.base.Preconditions.checkState(Preconditions.java:585)
at org.openqa.selenium.remote.service.DriverService.checkExecutable(DriverService.java:146)
at org.openqa.selenium.remote.service.DriverService.findExecutable(DriverService.java:141)
at org.openqa.selenium.chrome.ChromeDriverService.access$000(ChromeDriverService.java:35)
at org.openqa.selenium.chrome.ChromeDriverService$Builder.findDefaultExecutable(ChromeDriverService.java:159)
at org.openqa.selenium.remote.service.DriverService$Builder.build(DriverService.java:355)
at org.openqa.selenium.chrome.ChromeDriverService.createDefaultService(ChromeDriverService.java:94)
at org.openqa.selenium.chrome.ChromeDriver.<init>(ChromeDriver.java:123)
at com.Generic.WebCommanmethods.getbrowser(WebCommanmethods.java:15)
at com.testexecution.Runcls.mainexecution(Runcls.java:11)
... Removed 25 stack frames]]>
    </failure>
  </testcase> <!-- mainexecution -->
</testsuite> <!-- Test -->
